ProjectApp/build/outputs/logs/manifest-merger-debug-report.txt
-- Merging decision tree log ---
manifest
ADDED from ProjectApp\ProjectApp\AndroidManifest.xml:2:1-101:12
	package
		ADDED from ProjectApp\ProjectApp\AndroidManifest.xml:3:5-41
	android:versionName
		ADDED from ProjectApp\ProjectApp\AndroidManifest.xml:6:5-30
		INJECTED from ProjectApp\ProjectApp\AndroidManifest.xml
		INJECTED from ProjectApp\ProjectApp\AndroidManifest.xml
	android:versionCode
		ADDED from ProjectApp\ProjectApp\AndroidManifest.xml:5:5-28
		INJECTED from ProjectApp\ProjectApp\AndroidManifest.xml
		INJECTED from ProjectApp\ProjectApp\AndroidManifest.xml
	xmlns:android
		ADDED from ProjectApp\ProjectApp\AndroidManifest.xml:2:11-69
	android:installLocation
		ADDED from ProjectApp\ProjectApp\AndroidManifest.xml:4:5-43
uses-sdk
ADDED from ProjectApp\ProjectApp\AndroidManifest.xml:8:5-10:41
MERGED from [ProjectApp.forcedroid.libs:SalesforceSDK:unspecified] AndroidManifest.xml:7:5-9:41
MERGED from [com.mikepenz:materialdrawer:5.8.1] AndroidManifest.xml:8:5-10:41
MERGED from [com.mikepenz:materialize:1.0.0] AndroidManifest.xml:8:5-10:41
MERGED from [com.mikepenz:iconics-core:2.8.0] AndroidManifest.xml:8:5-10:41
MERGED from [com.mikepenz:fastadapter:2.1.0] AndroidManifest.xml:8:5-10:41
MERGED from [com.android.support:design:25.0.1] AndroidManifest.xml:21:5-23:62
MERGED from [com.android.support:transition:25.0.1] AndroidManifest.xml:20:5-44
MERGED from [com.android.support:recyclerview-v7:25.1.0] AndroidManifest.xml:20:5-43
MERGED from [com.android.support:cardview-v7:25.0.1] AndroidManifest.xml:20:5-43
MERGED from [de.hdodenhof:circleimageview:2.1.0] AndroidManifest.xml:5:5-7:41
MERGED from [com.cs:googlemaproute:1.0.0] AndroidManifest.xml:7:5-9:41
MERGED from [com.google.android.gms:play-services:10.0.1] AndroidManifest.xml:4:5-42
MERGED from [com.google.android.gms:play-services-ads:10.0.1] AndroidManifest.xml:17:5-42
MERGED from [com.google.android.gms:play-services-ads-lite:10.0.1] AndroidManifest.xml:22:5-42
MERGED from [com.google.android.gms:play-services-analytics:10.0.1] AndroidManifest.xml:17:5-42
MERGED from [com.google.android.gms:play-services-appinvite:10.0.1] AndroidManifest.xml:17:5-42
MERGED from [com.google.android.gms:play-services-auth:10.0.1] AndroidManifest.xml:17:5-42
MERGED from [com.google.android.gms:play-services-auth-base:10.0.1] AndroidManifest.xml:4:5-42
MERGED from [com.google.android.gms:play-services-cast-framework:10.0.1] AndroidManifest.xml:3:5-42
MERGED from [com.google.android.gms:play-services-cast:10.0.1] AndroidManifest.xml:17:5-42
MERGED from [com.android.support:mediarouter-v7:24.0.0] AndroidManifest.xml:20:5-43
MERGED from [com.android.support:palette-v7:24.0.0] AndroidManifest.xml:20:5-43
MERGED from [com.google.android.gms:play-services-clearcut:10.0.1] AndroidManifest.xml:17:5-42
MERGED from [com.google.firebase:firebase-config:10.0.1] AndroidManifest.xml:17:5-42
MERGED from [com.google.android.gms:play-services-awareness:10.0.1] AndroidManifest.xml:17:5-42
MERGED from [com.google.firebase:firebase-crash:10.0.1] AndroidManifest.xml:20:5-42
MERGED from [com.google.firebase:firebase-auth:10.0.1] AndroidManifest.xml:17:5-42
MERGED from [com.google.firebase:firebase-database:10.0.1] AndroidManifest.xml:3:5-42
MERGED from [com.google.firebase:firebase-database-connection:10.0.1] AndroidManifest.xml:3:5-42
MERGED from [com.google.firebase:firebase-messaging:10.0.1] AndroidManifest.xml:17:5-42
MERGED from [com.google.firebase:firebase-storage:10.0.1] AndroidManifest.xml:3:5-42
MERGED from [com.google.firebase:firebase-storage-common:10.0.1] AndroidManifest.xml:3:5-42
MERGED from [com.google.android.gms:play-services-fitness:10.0.1] AndroidManifest.xml:17:5-42
MERGED from [com.google.android.gms:play-services-games:10.0.1] AndroidManifest.xml:17:5-42
MERGED from [com.google.android.gms:play-services-drive:10.0.1] AndroidManifest.xml:17:5-42
MERGED from [com.google.android.gms:play-services-gass:10.0.1] AndroidManifest.xml:3:5-42
MERGED from [com.google.android.gms:play-services-gcm:10.0.1] AndroidManifest.xml:17:5-42
MERGED from [com.google.firebase:firebase-appindexing:10.0.1] AndroidManifest.xml:17:5-42
MERGED from [com.google.android.gms:play-services-iid:10.0.1] AndroidManifest.xml:17:5-42
MERGED from [com.google.android.gms:play-services-instantapps:10.0.1] AndroidManifest.xml:3:5-42
MERGED from [com.google.android.gms:play-services-location:10.0.1] AndroidManifest.xml:3:5-42
MERGED from [com.google.android.gms:play-services-nearby:10.0.1] AndroidManifest.xml:3:5-42
MERGED from [com.google.android.gms:play-services-panorama:10.0.1] AndroidManifest.xml:17:5-42
MERGED from [com.google.android.gms:play-services-places:10.0.1] AndroidManifest.xml:17:5-42
MERGED from [com.google.android.gms:play-services-plus:10.0.1] AndroidManifest.xml:17:5-42
MERGED from [com.google.android.gms:play-services-safetynet:10.0.1] AndroidManifest.xml:17:5-42
MERGED from [com.google.android.gms:play-services-tagmanager:10.0.1] AndroidManifest.xml:17:5-42
MERGED from [com.google.android.gms:play-services-tagmanager-api:10.0.1] AndroidManifest.xml:17:5-42
MERGED from [com.google.firebase:firebase-analytics:10.0.1] AndroidManifest.xml:17:5-42
MERGED from [com.google.firebase:firebase-analytics-impl:10.0.1] AndroidManifest.xml:17:5-42
MERGED from [com.google.firebase:firebase-iid:10.0.1] AndroidManifest.xml:17:5-42
MERGED from [com.google.firebase:firebase-common:10.0.1] AndroidManifest.xml:3:5-42
MERGED from [com.google.android.gms:play-services-tagmanager-v4-impl:10.0.1] AndroidManifest.xml:17:5-42
MERGED from [com.google.android.gms:play-services-analytics-impl:10.0.1] AndroidManifest.xml:17:5-42
MERGED from [com.google.android.gms:play-services-vision:10.0.1] AndroidManifest.xml:3:5-42
MERGED from [com.google.android.gms:play-services-wallet:10.0.1] AndroidManifest.xml:18:5-42
MERGED from [com.google.android.gms:play-services-identity:10.0.1] AndroidManifest.xml:17:5-42
MERGED from [com.google.android.gms:play-services-maps:10.0.1] AndroidManifest.xml:23:5-42
MERGED from [com.google.android.gms:play-services-wearable:10.0.1] AndroidManifest.xml:17:5-42
MERGED from [com.google.android.gms:play-services-base:10.0.1] AndroidManifest.xml:17:5-42
MERGED from [com.google.android.gms:play-services-tasks:10.0.1] AndroidManifest.xml:3:5-42
MERGED from [com.google.android.gms:play-services-basement:10.0.1] AndroidManifest.xml:17:5-42
MERGED from [com.android.support:appcompat-v7:25.0.1] AndroidManifest.xml:21:5-23:78
MERGED from [com.android.support:animated-vector-drawable:25.0.1] AndroidManifest.xml:20:5-44
MERGED from [com.android.support:support-vector-drawable:25.0.1] AndroidManifest.xml:21:5-43
MERGED from [com.jakewharton:butterknife:8.4.0] AndroidManifest.xml:5:5-43
MERGED from [com.android.support:support-v4:25.0.1] AndroidManifest.xml:21:5-23:54
MERGED from [com.android.support:support-fragment:25.0.1] AndroidManifest.xml:21:5-23:60
MERGED from [com.android.support:support-media-compat:25.0.1] AndroidManifest.xml:21:5-23:63
MERGED from [com.android.support:support-core-ui:25.1.0] AndroidManifest.xml:21:5-23:58
MERGED from [com.android.support:support-core-utils:25.0.1] AndroidManifest.xml:21:5-23:61
MERGED from [com.android.support:support-compat:25.1.0] AndroidManifest.xml:21:5-23:58
	tools:overrideLibrary
		ADDED from [com.android.support:design:25.0.1] AndroidManifest.xml:23:9-59
	android:targetSdkVersion
		ADDED from ProjectApp\ProjectApp\AndroidManifest.xml:10:9-38
	android:minSdkVersion
		ADDED from ProjectApp\ProjectApp\AndroidManifest.xml:9:9-35
uses-permission#com.javapapers.currentlocationinmap.permission.MAPS_RECEIVE
ADDED from ProjectApp\ProjectApp\AndroidManifest.xml:17:5-99
	android:name
		ADDED from ProjectApp\ProjectApp\AndroidManifest.xml:17:22-96
uses-permission#android.permission.INTERNET
ADDED from ProjectApp\ProjectApp\AndroidManifest.xml:18:5-67
MERGED from [ProjectApp.forcedroid.libs:SalesforceSDK:unspecified] AndroidManifest.xml:14:5-67
MERGED from [com.google.android.gms:play-services-ads-lite:10.0.1] AndroidManifest.xml:19:5-66
MERGED from [com.google.android.gms:play-services-analytics:10.0.1] AndroidManifest.xml:20:5-66
MERGED from [com.google.android.gms:play-services-appinvite:10.0.1] AndroidManifest.xml:18:5-66
MERGED from [com.google.firebase:firebase-crash:10.0.1] AndroidManifest.xml:18:5-66
MERGED from [com.google.android.gms:play-services-gcm:10.0.1] AndroidManifest.xml:21:5-66
MERGED from [com.google.android.gms:play-services-iid:10.0.1] AndroidManifest.xml:21:5-66
MERGED from [com.google.android.gms:play-services-tagmanager-api:10.0.1] AndroidManifest.xml:20:5-66
MERGED from [com.google.firebase:firebase-analytics:10.0.1] AndroidManifest.xml:20:5-66
MERGED from [com.google.firebase:firebase-analytics-impl:10.0.1] AndroidManifest.xml:20:5-66
MERGED from [com.google.firebase:firebase-iid:10.0.1] AndroidManifest.xml:20:5-66
MERGED from [com.google.android.gms:play-services-analytics-impl:10.0.1] AndroidManifest.xml:20:5-66
MERGED from [com.google.android.gms:play-services-maps:10.0.1] AndroidManifest.xml:20:5-66
	android:name
		ADDED from ProjectApp\ProjectApp\AndroidManifest.xml:18:22-64
uses-permission#android.permission.WRITE_EXTERNAL_STORAGE
ADDED from ProjectApp\ProjectApp\AndroidManifest.xml:19:5-81
	android:name
		ADDED from ProjectApp\ProjectApp\AndroidManifest.xml:19:22-78
uses-permission#com.google.android.providers.gsf.permission.READ_GSERVICES
ADDED from ProjectApp\ProjectApp\AndroidManifest.xml:20:5-98
	android:name
		ADDED from ProjectApp\ProjectApp\AndroidManifest.xml:20:22-95
uses-permission#android.permission.ACCESS_COARSE_LOCATION
ADDED from ProjectApp\ProjectApp\AndroidManifest.xml:21:5-81
	android:name
		ADDED from ProjectApp\ProjectApp\AndroidManifest.xml:21:22-78
uses-permission#android.permission.ACCESS_FINE_LOCATION
ADDED from ProjectApp\ProjectApp\AndroidManifest.xml:22:5-79
	android:name
		ADDED from ProjectApp\ProjectApp\AndroidManifest.xml:22:22-76
uses-permission#android.permission.ACCESS_NETWORK_STATE
ADDED from ProjectApp\ProjectApp\AndroidManifest.xml:23:5-79
MERGED from [ProjectApp.forcedroid.libs:SalesforceSDK:unspecified] AndroidManifest.xml:11:5-79
MERGED from [com.google.android.gms:play-services-ads-lite:10.0.1] AndroidManifest.xml:20:5-78
MERGED from [com.google.android.gms:play-services-analytics:10.0.1] AndroidManifest.xml:21:5-78
MERGED from [com.google.android.gms:play-services-nearby:10.0.1] AndroidManifest.xml:4:5-78
MERGED from [com.google.android.gms:play-services-tagmanager-api:10.0.1] AndroidManifest.xml:21:5-78
MERGED from [com.google.firebase:firebase-analytics:10.0.1] AndroidManifest.xml:21:5-78
MERGED from [com.google.firebase:firebase-analytics-impl:10.0.1] AndroidManifest.xml:21:5-78
MERGED from [com.google.firebase:firebase-iid:10.0.1] AndroidManifest.xml:19:5-78
MERGED from [com.google.android.gms:play-services-analytics-impl:10.0.1] AndroidManifest.xml:21:5-78
MERGED from [com.google.android.gms:play-services-maps:10.0.1] AndroidManifest.xml:19:5-78
	android:name
		ADDED from ProjectApp\ProjectApp\AndroidManifest.xml:23:22-76
permission#com.hitvardhan.project_app.C2D_MESSAGE
ADDED from ProjectApp\ProjectApp\AndroidManifest.xml:30:5-32:47
	android:protectionLevel
		ADDED from ProjectApp\ProjectApp\AndroidManifest.xml:32:9-44
	android:name
		ADDED from ProjectApp\ProjectApp\AndroidManifest.xml:31:9-62
uses-permission#com.hitvardhan.project_app.C2D_MESSAGE
ADDED from ProjectApp\ProjectApp\AndroidManifest.xml:34:5-78
	android:name
		ADDED from ProjectApp\ProjectApp\AndroidManifest.xml:34:22-75
android:uses-permission#android.permission.READ_PHONE_STATE
ADDED from ProjectApp\ProjectApp\AndroidManifest.xml:36:5-83
	android:name
		ADDED from ProjectApp\ProjectApp\AndroidManifest.xml:36:30-80
android:uses-permission#android.permission.READ_EXTERNAL_STORAGE
ADDED from ProjectApp\ProjectApp\AndroidManifest.xml:37:5-88
	android:name
		ADDED from ProjectApp\ProjectApp\AndroidManifest.xml:37:30-85
application
ADDED from ProjectApp\ProjectApp\AndroidManifest.xml:39:5-99:19
MERGED from [ProjectApp.forcedroid.libs:SalesforceSDK:unspecified] AndroidManifest.xml:23:5-103:19
MERGED from [com.android.support:design:25.0.1] AndroidManifest.xml:25:5-20
MERGED from [com.android.support:transition:25.0.1] AndroidManifest.xml:22:5-20
MERGED from [com.android.support:cardview-v7:25.0.1] AndroidManifest.xml:22:5-20
MERGED from [de.hdodenhof:circleimageview:2.1.0] AndroidManifest.xml:9:5-20
MERGED from [com.cs:googlemaproute:1.0.0] AndroidManifest.xml:11:5-15:19
MERGED from [com.google.android.gms:play-services:10.0.1] AndroidManifest.xml:5:5-20
MERGED from [com.google.android.gms:play-services-ads-lite:10.0.1] AndroidManifest.xml:23:5-27:19
MERGED from [com.google.android.gms:play-services-analytics:10.0.1] AndroidManifest.xml:26:5-19
MERGED from [com.google.android.gms:play-services-appinvite:10.0.1] AndroidManifest.xml:19:5-26:19
MERGED from [com.google.android.gms:play-services-auth:10.0.1] AndroidManifest.xml:19:5-25:19
MERGED from [com.google.android.gms:play-services-cast-framework:10.0.1] AndroidManifest.xml:4:5-8:19
MERGED from [com.google.android.gms:play-services-cast:10.0.1] AndroidManifest.xml:18:5-19
MERGED from [com.android.support:mediarouter-v7:24.0.0] AndroidManifest.xml:22:5-20
MERGED from [com.android.support:palette-v7:24.0.0] AndroidManifest.xml:22:5-23:19
MERGED from [com.google.android.gms:play-services-clearcut:10.0.1] AndroidManifest.xml:18:5-19
MERGED from [com.google.firebase:firebase-config:10.0.1] AndroidManifest.xml:18:5-19
MERGED from [com.google.android.gms:play-services-awareness:10.0.1] AndroidManifest.xml:18:5-19
MERGED from [com.google.firebase:firebase-crash:10.0.1] AndroidManifest.xml:22:5-23:19
MERGED from [com.google.firebase:firebase-auth:10.0.1] AndroidManifest.xml:19:5-20:19
MERGED from [com.google.firebase:firebase-messaging:10.0.1] AndroidManifest.xml:19:5-29:19
MERGED from [com.google.android.gms:play-services-fitness:10.0.1] AndroidManifest.xml:18:5-19
MERGED from [com.google.android.gms:play-services-games:10.0.1] AndroidManifest.xml:18:5-19
MERGED from [com.google.android.gms:play-services-drive:10.0.1] AndroidManifest.xml:18:5-19
MERGED from [com.google.android.gms:play-services-gass:10.0.1] AndroidManifest.xml:4:5-19
MERGED from [com.google.android.gms:play-services-gcm:10.0.1] AndroidManifest.xml:23:5-19
MERGED from [com.google.firebase:firebase-appindexing:10.0.1] AndroidManifest.xml:18:5-19
MERGED from [com.google.android.gms:play-services-iid:10.0.1] AndroidManifest.xml:23:5-19
MERGED from [com.google.android.gms:play-services-location:10.0.1] AndroidManifest.xml:4:5-19
MERGED from [com.google.android.gms:play-services-nearby:10.0.1] AndroidManifest.xml:5:5-19
MERGED from [com.google.android.gms:play-services-panorama:10.0.1] AndroidManifest.xml:18:5-19
MERGED from [com.google.android.gms:play-services-places:10.0.1] AndroidManifest.xml:18:5-19
MERGED from [com.google.android.gms:play-services-plus:10.0.1] AndroidManifest.xml:18:5-19
MERGED from [com.google.android.gms:play-services-safetynet:10.0.1] AndroidManifest.xml:18:5-19
MERGED from [com.google.android.gms:play-services-tagmanager-api:10.0.1] AndroidManifest.xml:23:5-33:19
MERGED from [com.google.firebase:firebase-analytics:10.0.1] AndroidManifest.xml:24:5-33:19
MERGED from [com.google.firebase:firebase-analytics-impl:10.0.1] AndroidManifest.xml:24:5-28:19
MERGED from [com.google.firebase:firebase-iid:10.0.1] AndroidManifest.xml:28:5-50:19
MERGED from [com.google.firebase:firebase-common:10.0.1] AndroidManifest.xml:4:5-7:19
MERGED from [com.google.android.gms:play-services-tagmanager-v4-impl:10.0.1] AndroidManifest.xml:19:5-19
MERGED from [com.google.android.gms:play-services-analytics-impl:10.0.1] AndroidManifest.xml:26:5-19
MERGED from [com.google.android.gms:play-services-vision:10.0.1] AndroidManifest.xml:4:5-19
MERGED from [com.google.android.gms:play-services-identity:10.0.1] AndroidManifest.xml:18:5-19
MERGED from [com.google.android.gms:play-services-maps:10.0.1] AndroidManifest.xml:24:5-19
MERGED from [com.google.android.gms:play-services-wearable:10.0.1] AndroidManifest.xml:18:5-19
MERGED from [com.google.android.gms:play-services-base:10.0.1] AndroidManifest.xml:18:5-20:19
MERGED from [com.google.android.gms:play-services-tasks:10.0.1] AndroidManifest.xml:4:5-19
MERGED from [com.google.android.gms:play-services-basement:10.0.1] AndroidManifest.xml:19:5-21:19
MERGED from [com.android.support:appcompat-v7:25.0.1] AndroidManifest.xml:25:5-20
MERGED from [com.android.support:animated-vector-drawable:25.0.1] AndroidManifest.xml:22:5-20
MERGED from [com.android.support:support-vector-drawable:25.0.1] AndroidManifest.xml:23:5-20
MERGED from [com.android.support:support-v4:25.0.1] AndroidManifest.xml:25:5-20
MERGED from [com.android.support:support-fragment:25.0.1] AndroidManifest.xml:25:5-20
MERGED from [com.android.support:support-media-compat:25.0.1] AndroidManifest.xml:25:5-20
MERGED from [com.android.support:support-core-ui:25.1.0] AndroidManifest.xml:25:5-20
MERGED from [com.android.support:support-core-utils:25.0.1] AndroidManifest.xml:25:5-20
MERGED from [com.android.support:support-compat:25.1.0] AndroidManifest.xml:25:5-20
	android:label
		ADDED from ProjectApp\ProjectApp\AndroidManifest.xml:42:9-41
	android:supportsRtl
		ADDED from [com.cs:googlemaproute:1.0.0] AndroidManifest.xml:14:9-35
	android:manageSpaceActivity
		ADDED from ProjectApp\ProjectApp\AndroidManifest.xml:43:9-87
	android:icon
		ADDED from ProjectApp\ProjectApp\AndroidManifest.xml:41:9-61
	android:allowBackup
		ADDED from [com.cs:googlemaproute:1.0.0] AndroidManifest.xml:12:9-35
	android:theme
		ADDED from ProjectApp\ProjectApp\AndroidManifest.xml:44:9-40
	android:name
		ADDED from ProjectApp\ProjectApp\AndroidManifest.xml:40:9-38
meta-data#com.google.android.geo.API_KEY
ADDED from ProjectApp\ProjectApp\AndroidManifest.xml:54:9-56:55
	android:value
		ADDED from ProjectApp\ProjectApp\AndroidManifest.xml:56:13-52
	android:name
		ADDED from ProjectApp\ProjectApp\AndroidManifest.xml:55:13-58
activity#com.hitvardhan.project_app.activity.SplashActivity
ADDED from ProjectApp\ProjectApp\AndroidManifest.xml:59:9-67:20
	android:label
		ADDED from ProjectApp\ProjectApp\AndroidManifest.xml:61:13-45
	android:name
		ADDED from ProjectApp\ProjectApp\AndroidManifest.xml:60:13-52
intent-filter#android.intent.action.MAIN+android.intent.category.LAUNCHER
ADDED from ProjectApp\ProjectApp\AndroidManifest.xml:62:13-66:29
action#android.intent.action.MAIN
ADDED from ProjectApp\ProjectApp\AndroidManifest.xml:63:17-69
	android:name
		ADDED from ProjectApp\ProjectApp\AndroidManifest.xml:63:25-66
category#android.intent.category.LAUNCHER
ADDED from ProjectApp\ProjectApp\AndroidManifest.xml:65:17-77
	android:name
		ADDED from ProjectApp\ProjectApp\AndroidManifest.xml:65:27-74
activity#com.hitvardhan.project_app.activity.MainActivity
ADDED from ProjectApp\ProjectApp\AndroidManifest.xml:68:9-75:20
	android:label
		ADDED from ProjectApp\ProjectApp\AndroidManifest.xml:70:13-45
	android:theme
		ADDED from ProjectApp\ProjectApp\AndroidManifest.xml:71:13-56
	android:name
		ADDED from ProjectApp\ProjectApp\AndroidManifest.xml:69:13-50
intent-filter#android.intent.category.DEFAULT
ADDED from ProjectApp\ProjectApp\AndroidManifest.xml:72:13-74:29
category#android.intent.category.DEFAULT
ADDED from ProjectApp\ProjectApp\AndroidManifest.xml:73:17-76
	android:name
		ADDED from ProjectApp\ProjectApp\AndroidManifest.xml:73:27-73
activity#com.hitvardhan.project_app.activity.TaskDetailsActivity
ADDED from ProjectApp\ProjectApp\AndroidManifest.xml:76:9-79:56
	android:label
		ADDED from ProjectApp\ProjectApp\AndroidManifest.xml:78:13-45
	android:theme
		ADDED from ProjectApp\ProjectApp\AndroidManifest.xml:79:13-53
	android:name
		ADDED from ProjectApp\ProjectApp\AndroidManifest.xml:77:13-57
activity#com.hitvardhan.project_app.activity.UserDetailActivity
ADDED from ProjectApp\ProjectApp\AndroidManifest.xml:80:9-83:59
	android:label
		ADDED from ProjectApp\ProjectApp\AndroidManifest.xml:82:13-45
	android:theme
		ADDED from ProjectApp\ProjectApp\AndroidManifest.xml:83:13-56
	android:name
		ADDED from ProjectApp\ProjectApp\AndroidManifest.xml:81:13-56
activity#com.hitvardhan.project_app.activity.MakeNewTaskActivity
ADDED from ProjectApp\ProjectApp\AndroidManifest.xml:85:9-88:15
	android:label
		ADDED from ProjectApp\ProjectApp\AndroidManifest.xml:86:13-45
	android:theme
		ADDED from ProjectApp\ProjectApp\AndroidManifest.xml:87:13-56
	android:name
		ADDED from ProjectApp\ProjectApp\AndroidManifest.xml:85:19-63
meta-data#com.google.android.gms.version
ADDED from ProjectApp\ProjectApp\AndroidManifest.xml:94:9-96:69
MERGED from [com.google.android.gms:play-services-basement:10.0.1] AndroidManifest.xml:20:9-121
	android:value
		ADDED from ProjectApp\ProjectApp\AndroidManifest.xml:96:13-66
	android:name
		ADDED from ProjectApp\ProjectApp\AndroidManifest.xml:95:13-58
uses-permission#android.permission.AUTHENTICATE_ACCOUNTS
ADDED from [ProjectApp.forcedroid.libs:SalesforceSDK:unspecified] AndroidManifest.xml:12:5-80
	android:name
		ADDED from [ProjectApp.forcedroid.libs:SalesforceSDK:unspecified] AndroidManifest.xml:12:22-77
uses-permission#android.permission.GET_ACCOUNTS
ADDED from [ProjectApp.forcedroid.libs:SalesforceSDK:unspecified] AndroidManifest.xml:13:5-71
	android:name
		ADDED from [ProjectApp.forcedroid.libs:SalesforceSDK:unspecified] AndroidManifest.xml:13:22-68
uses-permission#android.permission.MANAGE_ACCOUNTS
ADDED from [ProjectApp.forcedroid.libs:SalesforceSDK:unspecified] AndroidManifest.xml:15:5-74
	android:name
		ADDED from [ProjectApp.forcedroid.libs:SalesforceSDK:unspecified] AndroidManifest.xml:15:22-71
uses-permission#android.permission.USE_CREDENTIALS
ADDED from [ProjectApp.forcedroid.libs:SalesforceSDK:unspecified] AndroidManifest.xml:16:5-74
	android:name
		ADDED from [ProjectApp.forcedroid.libs:SalesforceSDK:unspecified] AndroidManifest.xml:16:22-71
uses-permission#android.permission.WAKE_LOCK
ADDED from [ProjectApp.forcedroid.libs:SalesforceSDK:unspecified] AndroidManifest.xml:17:5-68
MERGED from [com.google.android.gms:play-services-analytics:10.0.1] AndroidManifest.xml:24:5-67
MERGED from [com.google.firebase:firebase-analytics:10.0.1] AndroidManifest.xml:22:5-67
MERGED from [com.google.firebase:firebase-analytics-impl:10.0.1] AndroidManifest.xml:22:5-67
MERGED from [com.google.firebase:firebase-iid:10.0.1] AndroidManifest.xml:21:5-67
MERGED from [com.google.android.gms:play-services-analytics-impl:10.0.1] AndroidManifest.xml:24:5-67
	android:name
		ADDED from [ProjectApp.forcedroid.libs:SalesforceSDK:unspecified] AndroidManifest.xml:17:22-65
uses-permission#android.permission.GET_TASKS
ADDED from [ProjectApp.forcedroid.libs:SalesforceSDK:unspecified] AndroidManifest.xml:18:5-68
	android:name
		ADDED from [ProjectApp.forcedroid.libs:SalesforceSDK:unspecified] AndroidManifest.xml:18:22-65
uses-permission#com.google.android.c2dm.permission.RECEIVE
ADDED from [ProjectApp.forcedroid.libs:SalesforceSDK:unspecified] AndroidManifest.xml:19:5-82
MERGED from [com.google.android.gms:play-services-gcm:10.0.1] AndroidManifest.xml:20:5-81
MERGED from [com.google.android.gms:play-services-iid:10.0.1] AndroidManifest.xml:20:5-81
MERGED from [com.google.firebase:firebase-iid:10.0.1] AndroidManifest.xml:22:5-81
	android:name
		ADDED from [ProjectApp.forcedroid.libs:SalesforceSDK:unspecified] AndroidManifest.xml:19:22-79
uses-permission-sdk-23
ADDED from [ProjectApp.forcedroid.libs:SalesforceSDK:unspecified] AndroidManifest.xml:21:5-81
	android:name
		ADDED from [ProjectApp.forcedroid.libs:SalesforceSDK:unspecified] AndroidManifest.xml:21:29-78
meta-data#android.content.APP_RESTRICTIONS
ADDED from [ProjectApp.forcedroid.libs:SalesforceSDK:unspecified] AndroidManifest.xml:26:9-28:56
	android:resource
		ADDED from [ProjectApp.forcedroid.libs:SalesforceSDK:unspecified] AndroidManifest.xml:28:13-53
	android:name
		ADDED from [ProjectApp.forcedroid.libs:SalesforceSDK:unspecified] AndroidManifest.xml:27:13-60
service#com.salesforce.androidsdk.auth.AuthenticatorService
ADDED from [ProjectApp.forcedroid.libs:SalesforceSDK:unspecified] AndroidManifest.xml:31:9-41:19
	android:exported
		ADDED from [ProjectApp.forcedroid.libs:SalesforceSDK:unspecified] AndroidManifest.xml:33:13-36
	android:name
		ADDED from [ProjectApp.forcedroid.libs:SalesforceSDK:unspecified] AndroidManifest.xml:32:13-79
intent-filter#android.accounts.AccountAuthenticator
ADDED from [ProjectApp.forcedroid.libs:SalesforceSDK:unspecified] AndroidManifest.xml:34:13-36:29
action#android.accounts.AccountAuthenticator
ADDED from [ProjectApp.forcedroid.libs:SalesforceSDK:unspecified] AndroidManifest.xml:35:17-80
	android:name
		ADDED from [ProjectApp.forcedroid.libs:SalesforceSDK:unspecified] AndroidManifest.xml:35:25-77
meta-data#android.accounts.AccountAuthenticator
ADDED from [ProjectApp.forcedroid.libs:SalesforceSDK:unspecified] AndroidManifest.xml:38:13-40:57
	android:resource
		ADDED from [ProjectApp.forcedroid.libs:SalesforceSDK:unspecified] AndroidManifest.xml:40:17-54
	android:name
		ADDED from [ProjectApp.forcedroid.libs:SalesforceSDK:unspecified] AndroidManifest.xml:39:17-69
activity#com.salesforce.androidsdk.ui.LoginActivity
ADDED from [ProjectApp.forcedroid.libs:SalesforceSDK:unspecified] AndroidManifest.xml:44:9-46:67
	android:theme
		ADDED from [ProjectApp.forcedroid.libs:SalesforceSDK:unspecified] AndroidManifest.xml:46:13-64
	android:name
		ADDED from [ProjectApp.forcedroid.libs:SalesforceSDK:unspecified] AndroidManifest.xml:45:13-70
activity#com.salesforce.androidsdk.ui.PasscodeActivity
ADDED from [ProjectApp.forcedroid.libs:SalesforceSDK:unspecified] AndroidManifest.xml:49:9-51:67
	android:theme
		ADDED from [ProjectApp.forcedroid.libs:SalesforceSDK:unspecified] AndroidManifest.xml:51:13-64
	android:name
		ADDED from [ProjectApp.forcedroid.libs:SalesforceSDK:unspecified] AndroidManifest.xml:50:13-73
activity#com.salesforce.androidsdk.ui.ManageSpaceActivity
ADDED from [ProjectApp.forcedroid.libs:SalesforceSDK:unspecified] AndroidManifest.xml:54:9-57:67
	android:excludeFromRecents
		ADDED from [ProjectApp.forcedroid.libs:SalesforceSDK:unspecified] AndroidManifest.xml:56:13-46
	android:theme
		ADDED from [ProjectApp.forcedroid.libs:SalesforceSDK:unspecified] AndroidManifest.xml:57:13-64
	android:name
		ADDED from [ProjectApp.forcedroid.libs:SalesforceSDK:unspecified] AndroidManifest.xml:55:13-76
activity#com.salesforce.androidsdk.ui.ServerPickerActivity
ADDED from [ProjectApp.forcedroid.libs:SalesforceSDK:unspecified] AndroidManifest.xml:60:9-63:67
	android:excludeFromRecents
		ADDED from [ProjectApp.forcedroid.libs:SalesforceSDK:unspecified] AndroidManifest.xml:62:13-46
	android:theme
		ADDED from [ProjectApp.forcedroid.libs:SalesforceSDK:unspecified] AndroidManifest.xml:63:13-64
	android:name
		ADDED from [ProjectApp.forcedroid.libs:SalesforceSDK:unspecified] AndroidManifest.xml:61:13-77
activity#com.salesforce.androidsdk.ui.AccountSwitcherActivity
ADDED from [ProjectApp.forcedroid.libs:SalesforceSDK:unspecified] AndroidManifest.xml:66:9-69:67
	android:excludeFromRecents
		ADDED from [ProjectApp.forcedroid.libs:SalesforceSDK:unspecified] AndroidManifest.xml:68:13-46
	android:theme
		ADDED from [ProjectApp.forcedroid.libs:SalesforceSDK:unspecified] AndroidManifest.xml:69:13-64
	android:name
		ADDED from [ProjectApp.forcedroid.libs:SalesforceSDK:unspecified] AndroidManifest.xml:67:13-80
receiver#com.salesforce.androidsdk.push.PushBroadcastReceiver
ADDED from [ProjectApp.forcedroid.libs:SalesforceSDK:unspecified] AndroidManifest.xml:75:9-89:20
	android:exported
		ADDED from [ProjectApp.forcedroid.libs:SalesforceSDK:unspecified] AndroidManifest.xml:77:13-36
	android:permission
		ADDED from [ProjectApp.forcedroid.libs:SalesforceSDK:unspecified] AndroidManifest.xml:78:13-73
	android:name
		ADDED from [ProjectApp.forcedroid.libs:SalesforceSDK:unspecified] AndroidManifest.xml:76:13-80
intent-filter#${applicationId}+com.google.android.c2dm.intent.RECEIVE
ADDED from [ProjectApp.forcedroid.libs:SalesforceSDK:unspecified] AndroidManifest.xml:79:13-83:29
action#com.google.android.c2dm.intent.RECEIVE
ADDED from [ProjectApp.forcedroid.libs:SalesforceSDK:unspecified] AndroidManifest.xml:80:17-81
	android:name
		ADDED from [ProjectApp.forcedroid.libs:SalesforceSDK:unspecified] AndroidManifest.xml:80:25-78
category#${applicationId}
ADDED from [ProjectApp.forcedroid.libs:SalesforceSDK:unspecified] AndroidManifest.xml:82:17-61
	android:name
		ADDED from [ProjectApp.forcedroid.libs:SalesforceSDK:unspecified] AndroidManifest.xml:82:27-58
		INJECTED from ProjectApp\ProjectApp\AndroidManifest.xml
		INJECTED from ProjectApp\ProjectApp\AndroidManifest.xml
		INJECTED from ProjectApp\ProjectApp\AndroidManifest.xml
intent-filter#${applicationId}+com.google.android.c2dm.intent.REGISTRATION
ADDED from [ProjectApp.forcedroid.libs:SalesforceSDK:unspecified] AndroidManifest.xml:84:13-88:29
action#com.google.android.c2dm.intent.REGISTRATION
ADDED from [ProjectApp.forcedroid.libs:SalesforceSDK:unspecified] AndroidManifest.xml:85:17-86
	android:name
		ADDED from [ProjectApp.forcedroid.libs:SalesforceSDK:unspecified] AndroidManifest.xml:85:25-83
receiver#com.salesforce.androidsdk.push.PushService$RetryRegistrationAlarmReceiver
ADDED from [ProjectApp.forcedroid.libs:SalesforceSDK:unspecified] AndroidManifest.xml:90:9-92:40
	android:exported
		ADDED from [ProjectApp.forcedroid.libs:SalesforceSDK:unspecified] AndroidManifest.xml:92:13-37
	android:name
		ADDED from [ProjectApp.forcedroid.libs:SalesforceSDK:unspecified] AndroidManifest.xml:91:13-101
receiver#com.salesforce.androidsdk.push.PushService$SFDCRegistrationRetryAlarmReceiver
ADDED from [ProjectApp.forcedroid.libs:SalesforceSDK:unspecified] AndroidManifest.xml:93:9-95:40
	android:exported
		ADDED from [ProjectApp.forcedroid.libs:SalesforceSDK:unspecified] AndroidManifest.xml:95:13-37
	android:name
		ADDED from [ProjectApp.forcedroid.libs:SalesforceSDK:unspecified] AndroidManifest.xml:94:13-105